hud_app/platforms/android/app/build/outputs/logs/manifest-merger-release-report.txt
-- Merging decision tree log ---
manifest
ADDED from src/main/AndroidManifest.xml:2:1-27:12
INJECTED from src/main/AndroidManifest.xml:2:1-27:12
INJECTED from src/main/AndroidManifest.xml:2:1-27:12
INJECTED from src/main/AndroidManifest.xml:2:1-27:12
MERGED from [:CordovaLib] AndroidManifest.xml:20:1-27:12
INJECTED from src/main/AndroidManifest.xml:2:1-27:12
INJECTED from src/main/AndroidManifest.xml:2:1-27:12
INJECTED from src/main/AndroidManifest.xml:2:1-27:12
	package
		ADDED from src/main/AndroidManifest.xml:2:102-133
		INJECTED from src/main/AndroidManifest.xml
		INJECTED from src/main/AndroidManifest.xml
	android:versionName
		ADDED from src/main/AndroidManifest.xml:2:74-101
		INJECTED from src/main/AndroidManifest.xml
		INJECTED from src/main/AndroidManifest.xml
	android:hardwareAccelerated
		ADDED from src/main/AndroidManifest.xml:2:11-45
	xmlns:android
		ADDED from src/main/AndroidManifest.xml:2:134-192
	android:versionCode
		ADDED from src/main/AndroidManifest.xml:2:46-73
		INJECTED from src/main/AndroidManifest.xml
		INJECTED from src/main/AndroidManifest.xml
supports-screens
ADDED from src/main/AndroidManifest.xml:3:5-191
	android:largeScreens
		ADDED from src/main/AndroidManifest.xml:3:49-76
	android:smallScreens
		ADDED from src/main/AndroidManifest.xml:3:132-159
	android:normalScreens
		ADDED from src/main/AndroidManifest.xml:3:77-105
	android:xlargeScreens
		ADDED from src/main/AndroidManifest.xml:3:160-188
	android:resizeable
		ADDED from src/main/AndroidManifest.xml:3:106-131
	android:anyDensity
		ADDED from src/main/AndroidManifest.xml:3:23-48
uses-permission#android.permission.INTERNET
ADDED from src/main/AndroidManifest.xml:4:5-67
	android:name
		ADDED from src/main/AndroidManifest.xml:4:22-64
application
ADDED from src/main/AndroidManifest.xml:5:5-15:19
	android:supportsRtl
		ADDED from src/main/AndroidManifest.xml:5:121-147
	android:label
		ADDED from src/main/AndroidManifest.xml:5:88-120
	android:hardwareAccelerated
		ADDED from src/main/AndroidManifest.xml:5:18-52
	android:icon
		ADDED from src/main/AndroidManifest.xml:5:53-87
activity#com.hud.palletconnect.MainActivity
ADDED from src/main/AndroidManifest.xml:6:9-14:20
	android:label
		ADDED from src/main/AndroidManifest.xml:6:136-173
	android:launchMode
		ADDED from src/main/AndroidManifest.xml:6:174-204
	android:windowSoftInputMode
		ADDED from src/main/AndroidManifest.xml:6:296-338
	android:configChanges
		ADDED from src/main/AndroidManifest.xml:6:19-135
	android:theme
		ADDED from src/main/AndroidManifest.xml:6:233-295
	android:name
		ADDED from src/main/AndroidManifest.xml:6:205-232
intent-filter#action:name:android.intent.action.MAIN+category:name:android.intent.category.DEFAULT+category:name:android.intent.category.LAUNCHER+category:name:android.intent.category.LEANBACK_LAUNCHER+category:name:tv.ouya.intent.category.APP
ADDED from src/main/AndroidManifest.xml:7:13-13:29
	android:label
		ADDED from src/main/AndroidManifest.xml:7:28-65
action#android.intent.action.MAIN
ADDED from src/main/AndroidManifest.xml:8:17-69
	android:name
		ADDED from src/main/AndroidManifest.xml:8:25-66
category#android.intent.category.DEFAULT
ADDED from src/main/AndroidManifest.xml:9:17-76
	android:name
		ADDED from src/main/AndroidManifest.xml:9:27-73
category#android.intent.category.LAUNCHER
ADDED from src/main/AndroidManifest.xml:10:17-77
	android:name
		ADDED from src/main/AndroidManifest.xml:10:27-74
category#tv.ouya.intent.category.APP
ADDED from src/main/AndroidManifest.xml:11:17-72
	android:name
		ADDED from src/main/AndroidManifest.xml:11:27-69
category#android.intent.category.LEANBACK_LAUNCHER
ADDED from src/main/AndroidManifest.xml:12:17-86
	android:name
		ADDED from src/main/AndroidManifest.xml:12:27-83
uses-feature#android.software.leanback
ADDED from src/main/AndroidManifest.xml:16:5-87
	android:required
		ADDED from src/main/AndroidManifest.xml:16:60-84
	android:name
		ADDED from src/main/AndroidManifest.xml:16:19-59
uses-feature#android.hardware.camera
ADDED from src/main/AndroidManifest.xml:17:5-85
	android:required
		ADDED from src/main/AndroidManifest.xml:17:58-82
	android:name
		ADDED from src/main/AndroidManifest.xml:17:19-57
uses-feature#android.hardware.camera.autofocus
ADDED from src/main/AndroidManifest.xml:18:5-95
	android:required
		ADDED from src/main/AndroidManifest.xml:18:68-92
	android:name
		ADDED from src/main/AndroidManifest.xml:18:19-67
uses-feature#android.hardware.microphone
ADDED from src/main/AndroidManifest.xml:19:5-89
	android:required
		ADDED from src/main/AndroidManifest.xml:19:62-86
	android:name
		ADDED from src/main/AndroidManifest.xml:19:19-61
uses-feature#android.hardware.wifi
ADDED from src/main/AndroidManifest.xml:20:5-83
	android:required
		ADDED from src/main/AndroidManifest.xml:20:56-80
	android:name
		ADDED from src/main/AndroidManifest.xml:20:19-55
uses-feature#android.hardware.bluetooth
ADDED from src/main/AndroidManifest.xml:21:5-88
	android:required
		ADDED from src/main/AndroidManifest.xml:21:61-85
	android:name
		ADDED from src/main/AndroidManifest.xml:21:19-60
uses-feature#android.hardware.location
ADDED from src/main/AndroidManifest.xml:22:5-87
	android:required
		ADDED from src/main/AndroidManifest.xml:22:60-84
	android:name
		ADDED from src/main/AndroidManifest.xml:22:19-59
uses-feature#android.hardware.location.network
ADDED from src/main/AndroidManifest.xml:23:5-95
	android:required
		ADDED from src/main/AndroidManifest.xml:23:68-92
	android:name
		ADDED from src/main/AndroidManifest.xml:23:19-67
uses-feature#android.hardware.telephony
ADDED from src/main/AndroidManifest.xml:24:5-88
	android:required
		ADDED from src/main/AndroidManifest.xml:24:61-85
	android:name
		ADDED from src/main/AndroidManifest.xml:24:19-60
uses-feature#android.hardware.touchscreen
ADDED from src/main/AndroidManifest.xml:25:5-90
	android:required
		ADDED from src/main/AndroidManifest.xml:25:63-87
	android:name
		ADDED from src/main/AndroidManifest.xml:25:19-62
uses-feature#android.hardware.location.gps
ADDED from src/main/AndroidManifest.xml:26:5-91
	android:required
		ADDED from src/main/AndroidManifest.xml:26:64-88
	android:name
		ADDED from src/main/AndroidManifest.xml:26:19-63
uses-sdk
INJECTED from src/main/AndroidManifest.xml reason: use-sdk injection requested
INJECTED from src/main/AndroidManifest.xml
INJECTED from src/main/AndroidManifest.xml
MERGED from [:CordovaLib] AndroidManifest.xml:25:5-44
MERGED from [:CordovaLib] AndroidManifest.xml:25:5-44
INJECTED from src/main/AndroidManifest.xml
INJECTED from src/main/AndroidManifest.xml
	android:targetSdkVersion
		INJECTED from src/main/AndroidManifest.xml
		ADDED from src/main/AndroidManifest.xml
		INJECTED from src/main/AndroidManifest.xml
	android:minSdkVersion
		INJECTED from src/main/AndroidManifest.xml
		ADDED from src/main/AndroidManifest.xml
		INJECTED from src/main/AndroidManifest.xml